{"time": "2020-05-20 19:07:23.233", "level": "info", "type": "main", "message": "[source/server/server.cc:255] initializing epoch 0 (hot restart version=11.104)"}
{"time": "2020-05-20 19:07:23.233", "level": "info", "type": "main", "message": "[source/server/server.cc:257] statically linked extensions:"}
{"time": "2020-05-20 19:07:23.233", "level": "info", "type": "main", "message": "[source/server/server.cc:259]   envoy.filters.http: envoy.buffer, envoy.cors, envoy.csrf, envoy.ext_authz, envoy.fault, envoy.filters.http.adaptive_concurrency, envoy.filters.http.aws_lambda, envoy.filters.http.aws_request_signing, envoy.filters.http.buffer, envoy.filters.http.cache, envoy.filters.http.cors, envoy.filters.http.csrf, envoy.filters.http.dynamic_forward_proxy, envoy.filters.http.dynamo, envoy.filters.http.ext_authz, envoy.filters.http.fault, envoy.filters.http.grpc_http1_bridge, envoy.filters.http.grpc_http1_reverse_bridge, envoy.filters.http.grpc_json_transcoder, envoy.filters.http.grpc_stats, envoy.filters.http.grpc_web, envoy.filters.http.gzip, envoy.filters.http.header_to_metadata, envoy.filters.http.health_check, envoy.filters.http.ip_tagging, envoy.filters.http.jwt_authn, envoy.filters.http.lua, envoy.filters.http.on_demand, envoy.filters.http.original_src, envoy.filters.http.ratelimit, envoy.filters.http.rbac, envoy.filters.http.router, envoy.filters.http.squash, envoy.filters.http.tap, envoy.grpc_http1_bridge, envoy.grpc_json_transcoder, envoy.grpc_web, envoy.gzip, envoy.health_check, envoy.http_dynamo_filter, envoy.ip_tagging, envoy.lua, envoy.rate_limit, envoy.router, envoy.squash"}
{"time": "2020-05-20 19:07:23.234", "level": "info", "type": "main", "message": "[source/server/server.cc:259]   envoy.clusters: envoy.cluster.eds, envoy.cluster.logical_dns, envoy.cluster.original_dst, envoy.cluster.static, envoy.cluster.strict_dns, envoy.clusters.aggregate, envoy.clusters.dynamic_forward_proxy, envoy.clusters.redis"}
{"time": "2020-05-20 19:07:23.234", "level": "info", "type": "main", "message": "[source/server/server.cc:259]   envoy.thrift_proxy.transports: auto, framed, header, unframed"}
{"time": "2020-05-20 19:07:23.234", "level": "info", "type": "main", "message": "[source/server/server.cc:259]   envoy.stats_sinks: envoy.dog_statsd, envoy.metrics_service, envoy.stat_sinks.dog_statsd, envoy.stat_sinks.hystrix, envoy.stat_sinks.metrics_service, envoy.stat_sinks.statsd, envoy.statsd"}
{"time": "2020-05-20 19:07:23.234", "level": "info", "type": "main", "message": "[source/server/server.cc:259]   envoy.transport_sockets.downstream: envoy.transport_sockets.alts, envoy.transport_sockets.raw_buffer, envoy.transport_sockets.tap, envoy.transport_sockets.tls, raw_buffer, tls"}
{"time": "2020-05-20 19:07:23.234", "level": "info", "type": "main", "message": "[source/server/server.cc:259]   envoy.retry_priorities: envoy.retry_priorities.previous_priorities"}
{"time": "2020-05-20 19:07:23.234", "level": "info", "type": "main", "message": "[source/server/server.cc:259]   envoy.resolvers: envoy.ip"}
{"time": "2020-05-20 19:07:23.234", "level": "info", "type": "main", "message": "[source/server/server.cc:259]   envoy.transport_sockets.upstream: envoy.transport_sockets.alts, envoy.transport_sockets.raw_buffer, envoy.transport_sockets.tap, envoy.transport_sockets.tls, raw_buffer, tls"}
{"time": "2020-05-20 19:07:23.234", "level": "info", "type": "main", "message": "[source/server/server.cc:259]   envoy.thrift_proxy.protocols: auto, binary, binary/non-strict, compact, twitter"}
{"time": "2020-05-20 19:07:23.234", "level": "info", "type": "main", "message": "[source/server/server.cc:259]   envoy.dubbo_proxy.route_matchers: default"}
{"time": "2020-05-20 19:07:23.234", "level": "info", "type": "main", "message": "[source/server/server.cc:259]   envoy.health_checkers: envoy.health_checkers.redis"}
{"time": "2020-05-20 19:07:23.234", "level": "info", "type": "main", "message": "[source/server/server.cc:259]   envoy.resource_monitors: envoy.resource_monitors.fixed_heap, envoy.resource_monitors.injected_resource"}
{"time": "2020-05-20 19:07:23.234", "level": "info", "type": "main", "message": "[source/server/server.cc:259]   http_cache_factory: envoy.extensions.http.cache.simple"}
{"time": "2020-05-20 19:07:23.234", "level": "info", "type": "main", "message": "[source/server/server.cc:259]   envoy.filters.listener: envoy.filters.listener.http_inspector, envoy.filters.listener.original_dst, envoy.filters.listener.original_src, envoy.filters.listener.proxy_protocol, envoy.filters.listener.tls_inspector, envoy.listener.http_inspector, envoy.listener.original_dst, envoy.listener.original_src, envoy.listener.proxy_protocol, envoy.listener.tls_inspector"}
{"time": "2020-05-20 19:07:23.234", "level": "info", "type": "main", "message": "[source/server/server.cc:259]   envoy.udp_listeners: raw_udp_listener"}
{"time": "2020-05-20 19:07:23.234", "level": "info", "type": "main", "message": "[source/server/server.cc:259]   envoy.tracers: envoy.dynamic.ot, envoy.lightstep, envoy.tracers.datadog, envoy.tracers.dynamic_ot, envoy.tracers.lightstep, envoy.tracers.opencensus, envoy.tracers.xray, envoy.tracers.zipkin, envoy.zipkin"}
{"time": "2020-05-20 19:07:23.234", "level": "info", "type": "main", "message": "[source/server/server.cc:259]   envoy.filters.udp_listener: envoy.filters.udp.dns_filter, envoy.filters.udp_listener.udp_proxy"}
{"time": "2020-05-20 19:07:23.234", "level": "info", "type": "main", "message": "[source/server/server.cc:259]   envoy.filters.network: envoy.client_ssl_auth, envoy.echo, envoy.ext_authz, envoy.filters.network.client_ssl_auth, envoy.filters.network.direct_response, envoy.filters.network.dubbo_proxy, envoy.filters.network.echo, envoy.filters.network.ext_authz, envoy.filters.network.http_connection_manager, envoy.filters.network.kafka_broker, envoy.filters.network.local_ratelimit, envoy.filters.network.mongo_proxy, envoy.filters.network.mysql_proxy, envoy.filters.network.ratelimit, envoy.filters.network.rbac, envoy.filters.network.redis_proxy, envoy.filters.network.sni_cluster, envoy.filters.network.tcp_proxy, envoy.filters.network.thrift_proxy, envoy.filters.network.zookeeper_proxy, envoy.http_connection_manager, envoy.mongo_proxy, envoy.ratelimit, envoy.redis_proxy, envoy.tcp_proxy"}
{"time": "2020-05-20 19:07:23.234", "level": "info", "type": "main", "message": "[source/server/server.cc:259]   envoy.retry_host_predicates: envoy.retry_host_predicates.omit_canary_hosts, envoy.retry_host_predicates.omit_host_metadata, envoy.retry_host_predicates.previous_hosts"}
{"time": "2020-05-20 19:07:23.234", "level": "info", "type": "main", "message": "[source/server/server.cc:259]   envoy.access_loggers: envoy.access_loggers.file, envoy.access_loggers.http_grpc, envoy.access_loggers.tcp_grpc, envoy.file_access_log, envoy.http_grpc_access_log, envoy.tcp_grpc_access_log"}
{"time": "2020-05-20 19:07:23.234", "level": "info", "type": "main", "message": "[source/server/server.cc:259]   envoy.dubbo_proxy.serializers: dubbo.hessian2"}
{"time": "2020-05-20 19:07:23.234", "level": "info", "type": "main", "message": "[source/server/server.cc:259]   envoy.dubbo_proxy.protocols: dubbo"}
{"time": "2020-05-20 19:07:23.234", "level": "info", "type": "main", "message": "[source/server/server.cc:259]   envoy.thrift_proxy.filters: envoy.filters.thrift.rate_limit, envoy.filters.thrift.router"}
{"time": "2020-05-20 19:07:23.234", "level": "info", "type": "main", "message": "[source/server/server.cc:259]   envoy.grpc_credentials: envoy.grpc_credentials.aws_iam, envoy.grpc_credentials.default, envoy.grpc_credentials.file_based_metadata"}
{"time": "2020-05-20 19:07:23.234", "level": "info", "type": "main", "message": "[source/server/server.cc:259]   envoy.dubbo_proxy.filters: envoy.filters.dubbo.router"}
{"time": "2020-05-20 19:07:23.243", "level": "warning", "type": "misc", "message": "[source/common/protobuf/utility.cc:198] Using deprecated option 'envoy.api.v2.Cluster.hosts' from file cluster.proto. This configuration will be removed from Envoy soon. Please see https://www.envoyproxy.io/docs/envoy/latest/intro/deprecated for details."}
{"time": "2020-05-20 19:07:23.244", "level": "info", "type": "main", "message": "[source/server/server.cc:340] admin address: 0.0.0.0:9901"}
{"time": "2020-05-20 19:07:23.244", "level": "info", "type": "main", "message": "[source/server/server.cc:459] runtime: layers:
  - name: base
    static_layer:
      {}
  - name: admin
    admin_layer:
      {}"}
{"time": "2020-05-20 19:07:23.245", "level": "info", "type": "config", "message": "[source/server/configuration_impl.cc:103] loading tracing configuration"}
{"time": "2020-05-20 19:07:23.245", "level": "info", "type": "config", "message": "[source/server/configuration_impl.cc:69] loading 0 static secret(s)"}
{"time": "2020-05-20 19:07:23.245", "level": "info", "type": "config", "message": "[source/server/configuration_impl.cc:75] loading 2 cluster(s)"}
{"time": "2020-05-20 19:07:23.247", "level": "info", "type": "config", "message": "[source/server/configuration_impl.cc:79] loading 0 listener(s)"}
{"time": "2020-05-20 19:07:23.247", "level": "info", "type": "config", "message": "[source/server/configuration_impl.cc:129] loading stats sink configuration"}
{"time": "2020-05-20 19:07:23.247", "level": "info", "type": "main", "message": "[source/server/server.cc:554] starting main dispatch loop"}
{"time": "2020-05-20 19:07:23.249", "level": "info", "type": "upstream", "message": "[source/common/upstream/cluster_manager_impl.cc:145] cm init: initializing secondary clusters"}
{"time": "2020-05-20 19:07:23.250", "level": "warning", "type": "config", "message": "[source/common/config/http_subscription_impl.cc:110] REST update for /v2/discovery:endpoints failed"}
{"time": "2020-05-20 19:07:28.380", "level": "info", "type": "upstream", "message": "[source/common/upstream/cluster_manager_impl.cc:167] cm init: initializing cds"}
{"time": "2020-05-20 19:07:28.386", "level": "info", "type": "upstream", "message": "[source/common/upstream/cds_api_impl.cc:77] cds: add 1 cluster(s), remove 2 cluster(s)"}
{"time": "2020-05-20 19:07:28.389", "level": "info", "type": "upstream", "message": "[source/common/upstream/cds_api_impl.cc:93] cds: add/update cluster 'httpbin-proxy'"}
{"time": "2020-05-20 19:07:28.687", "level": "info", "type": "upstream", "message": "[source/common/upstream/cluster_manager_impl.cc:171] cm init: all clusters initialized"}
{"time": "2020-05-20 19:07:28.687", "level": "info", "type": "main", "message": "[source/server/server.cc:533] all clusters initialized. initializing init manager"}
{"time": "2020-05-20 19:07:28.731", "level": "warning", "type": "misc", "message": "[source/common/protobuf/utility.cc:198] Using deprecated option 'envoy.api.v2.listener.Filter.config' from file listener_components.proto. This configuration will be removed from Envoy soon. Please see https://www.envoyproxy.io/docs/envoy/latest/intro/deprecated for details."}
{"time": "2020-05-20 19:07:28.731", "level": "warning", "type": "misc", "message": "[bazel-out/k8-opt/bin/source/extensions/common/_virtual_includes/utility_lib/extensions/common/utility.h:65] Using deprecated extension name 'envoy.tcp_proxy' for 'envoy.filters.network.tcp_proxy'. This name will be removed from Envoy soon. Please see https://www.envoyproxy.io/docs/envoy/latest/intro/deprecated for details."}
{"time": "2020-05-20 19:07:28.731", "level": "info", "type": "upstream", "message": "[source/server/lds_api.cc:76] lds: add/update listener 'ssh'"}
{"time": "2020-05-20 19:07:28.731", "level": "warning", "type": "misc", "message": "[source/common/protobuf/utility.cc:198] Using deprecated option 'envoy.api.v2.listener.Filter.config' from file listener_components.proto. This configuration will be removed from Envoy soon. Please see https://www.envoyproxy.io/docs/envoy/latest/intro/deprecated for details."}
{"time": "2020-05-20 19:07:28.732", "level": "warning", "type": "misc", "message": "[bazel-out/k8-opt/bin/source/extensions/common/_virtual_includes/utility_lib/extensions/common/utility.h:65] Using deprecated extension name 'envoy.http_connection_manager' for 'envoy.filters.network.http_connection_manager'. This name will be removed from Envoy soon. Please see https://www.envoyproxy.io/docs/envoy/latest/intro/deprecated for details."}
{"time": "2020-05-20 19:07:28.736", "level": "warning", "type": "misc", "message": "[source/common/protobuf/utility.cc:198] Using deprecated option 'envoy.config.filter.network.http_connection_manager.v2.HttpFilter.config' from file http_connection_manager.proto. This configuration will be removed from Envoy soon. Please see https://www.envoyproxy.io/docs/envoy/latest/intro/deprecated for details."}
{"time": "2020-05-20 19:07:28.736", "level": "warning", "type": "misc", "message": "[source/common/protobuf/utility.cc:198] Using deprecated option 'envoy.config.filter.accesslog.v2.AccessLog.config' from file accesslog.proto. This configuration will be removed from Envoy soon. Please see https://www.envoyproxy.io/docs/envoy/latest/intro/deprecated for details."}
{"time": "2020-05-20 19:07:28.737", "level": "warning", "type": "misc", "message": "[bazel-out/k8-opt/bin/source/extensions/common/_virtual_includes/utility_lib/extensions/common/utility.h:65] Using deprecated extension name 'envoy.file_access_log' for 'envoy.access_loggers.file'. This name will be removed from Envoy soon. Please see https://www.envoyproxy.io/docs/envoy/latest/intro/deprecated for details."}
{"time": "2020-05-20 19:07:28.737", "level": "warning", "type": "misc", "message": "[bazel-out/k8-opt/bin/source/extensions/common/_virtual_includes/utility_lib/extensions/common/utility.h:65] Using deprecated extension name 'envoy.router' for 'envoy.filters.http.router'. This name will be removed from Envoy soon. Please see https://www.envoyproxy.io/docs/envoy/latest/intro/deprecated for details."}
{"time": "2020-05-20 19:07:28.737", "level": "info", "type": "upstream", "message": "[source/server/lds_api.cc:76] lds: add/update listener 'redirect_to_https'"}
{"time": "2020-05-20 19:07:28.738", "level": "warning", "type": "misc", "message": "[source/common/protobuf/utility.cc:198] Using deprecated option 'envoy.api.v2.listener.FilterChain.tls_context' from file listener_components.proto. This configuration will be removed from Envoy soon. Please see https://www.envoyproxy.io/docs/envoy/latest/intro/deprecated for details."}
{"time": "2020-05-20 19:07:28.738", "level": "warning", "type": "misc", "message": "[source/common/protobuf/utility.cc:198] Using deprecated option 'envoy.api.v2.listener.Filter.config' from file listener_components.proto. This configuration will be removed from Envoy soon. Please see https://www.envoyproxy.io/docs/envoy/latest/intro/deprecated for details."}
{"time": "2020-05-20 19:07:28.738", "level": "warning", "type": "misc", "message": "[source/common/protobuf/utility.cc:198] Using deprecated option 'envoy.api.v2.listener.ListenerFilter.config' from file listener_components.proto. This configuration will be removed from Envoy soon. Please see https://www.envoyproxy.io/docs/envoy/latest/intro/deprecated for details."}
{"time": "2020-05-20 19:07:28.738", "level": "warning", "type": "misc", "message": "[bazel-out/k8-opt/bin/source/extensions/common/_virtual_includes/utility_lib/extensions/common/utility.h:65] Using deprecated extension name 'envoy.listener.tls_inspector' for 'envoy.filters.listener.tls_inspector'. This name will be removed from Envoy soon. Please see https://www.envoyproxy.io/docs/envoy/latest/intro/deprecated for details."}
{"time": "2020-05-20 19:07:28.738", "level": "warning", "type": "misc", "message": "[bazel-out/k8-opt/bin/source/extensions/common/_virtual_includes/utility_lib/extensions/common/utility.h:65] Using deprecated extension name 'envoy.http_connection_manager' for 'envoy.filters.network.http_connection_manager'. This name will be removed from Envoy soon. Please see https://www.envoyproxy.io/docs/envoy/latest/intro/deprecated for details."}
{"time": "2020-05-20 19:07:28.740", "level": "warning", "type": "misc", "message": "[bazel-out/k8-opt/bin/source/extensions/common/_virtual_includes/utility_lib/extensions/common/utility.h:65] Using deprecated extension name 'envoy.router' for 'envoy.filters.http.router'. This name will be removed from Envoy soon. Please see https://www.envoyproxy.io/docs/envoy/latest/intro/deprecated for details."}
{"time": "2020-05-20 19:07:28.742", "level": "info", "type": "upstream", "message": "[source/server/lds_api.cc:76] lds: add/update listener 'https_listener'"}
{"time": "2020-05-20 19:07:28.881", "level": "info", "type": "config", "message": "[source/server/listener_manager_impl.cc:725] all dependencies initialized. starting workers"}
{"time": "2020-05-20 19:22:28.883", "level": "info", "type": "main", "message": "[source/server/drain_manager_impl.cc:68] shutting down parent after drain"}
{"time": "2020-05-20 19:50:12.432", "level": "warning", "type": "config", "message": "[source/common/config/http_subscription_impl.cc:110] REST update for /v2/discovery:secrets failed"}
{"time": "2020-05-20 19:50:12.842", "level": "warning", "type": "config", "message": "[source/common/config/http_subscription_impl.cc:110] REST update for /v2/discovery:endpoints failed"}
{"time": "2020-05-20 19:50:12.842", "level": "warning", "type": "config", "message": "[source/common/config/http_subscription_impl.cc:110] REST update for /v2/discovery:clusters failed"}
